<?xml version="1.0" encoding="utf-8"?><testsuites name="pytest tests"><testsuite name="pytest" errors="0" failures="0" skipped="0" tests="17" time="4.125" timestamp="2026-05-27T21:18:03.840857+00:00" hostname="agent-env-26946d75-b144-4788-8ed6-b7fc8b535d7c"><testcase classname="tests.test_esign_api.TestAuthAndBasics" name="test_unauthenticated_create_blocked" time="0.188" /><testcase classname="tests.test_esign_api.TestAuthAndBasics" name="test_list_documents_auth" time="0.445" /><testcase classname="tests.test_esign_api.TestAuthAndBasics" name="test_non_pdf_rejected" time="0.056" /><testcase classname="tests.test_esign_api.TestAuthAndBasics" name="test_pdf_extension_but_bad_magic_rejected" time="0.061" /><testcase classname="tests.test_esign_api.TestDocumentCRUD" name="test_create_returns_valid_doc" time="0.062" /><testcase classname="tests.test_esign_api.TestDocumentCRUD" name="test_get_detail" time="0.062" /><testcase classname="tests.test_esign_api.TestDocumentCRUD" name="test_download_original" time="0.064" /><testcase classname="tests.test_esign_api.TestDocumentCRUD" name="test_signed_pdf_not_available_yet" time="0.054" /><testcase classname="tests.test_esign_api.TestDocumentCRUD" name="test_other_owner_cannot_access" time="0.117" /><testcase classname="tests.test_esign_api.TestParallelSigningFlow" name="test_send_requires_signers_and_fields" time="0.187" /><testcase classname="tests.test_esign_api.TestParallelSigningFlow" name="test_send_creates_tokens" time="0.310" /><testcase classname="tests.test_esign_api.TestParallelSigningFlow" name="test_invalid_token_returns_401" time="0.122" /><testcase classname="tests.test_esign_api.TestParallelSigningFlow" name="test_full_signing_completes" time="0.997" /><testcase classname="tests.test_esign_api.TestVerifyEndpoint" name="test_verify_unknown_doc_404" time="0.132" /><testcase classname="tests.test_esign_api.TestVerifyEndpoint" name="test_verify_returns_masked_emails" time="0.183" /><testcase classname="tests.test_esign_api.TestVoidDeclineDelete" name="test_void_document" time="0.279" /><testcase classname="tests.test_esign_api.TestVoidDeclineDelete" name="test_delete_document" time="0.731" /></testsuite></testsuites>