<?xml version="1.0" encoding="utf-8"?><testsuites name="pytest tests"><testsuite name="pytest" errors="0" failures="1" skipped="0" tests="14" time="2.546" timestamp="2026-05-27T22:26:55.526127+00:00" hostname="agent-env-26946d75-b144-4788-8ed6-b7fc8b535d7c"><testcase classname="backend.tests.test_smoke_iter37.TestBackendSmoke" name="test_health" time="0.286" /><testcase classname="backend.tests.test_smoke_iter37.TestBackendSmoke" name="test_billing_plans" time="0.149" /><testcase classname="backend.tests.test_smoke_iter37.TestBackendSmoke" name="test_auth_login_admin" time="0.352"><failure message="AssertionError: no token in {'id': '69d5053dbd29f8d9eeea549b', 'email': 'admin@realprofits.com', 'name': 'Admin', 'role': 'admin', 'created_at': '2026-04-07T13:23:09.698000'}&#10;assert None">backend/tests/test_smoke_iter37.py:43: in test_auth_login_admin
    assert token, f"no token in {data}"
E   AssertionError: no token in {'id': '69d5053dbd29f8d9eeea549b', 'email': 'admin@realprofits.com', 'name': 'Admin', 'role': 'admin', 'created_at': '2026-04-07T13:23:09.698000'}
E   assert None</failure></testcase><testcase classname="backend.tests.test_smoke_iter37.TestSalaryPages" name="test_salary_top_hub" time="0.156" /><testcase classname="backend.tests.test_smoke_iter37.TestSalaryPages" name="test_job_hub_software_engineer" time="0.188" /><testcase classname="backend.tests.test_smoke_iter37.TestSalaryPages" name="test_leaf_software_engineer_ny" time="0.123" /><testcase classname="backend.tests.test_smoke_iter37.TestSalaryPages" name="test_leaf_rn_la_healthcare_related" time="0.128" /><testcase classname="backend.tests.test_smoke_iter37.TestSalaryPages" name="test_city_hub_austin" time="0.158" /><testcase classname="backend.tests.test_smoke_iter37.TestSalaryPages" name="test_city_hub_ny_state_tax_faq" time="0.123" /><testcase classname="backend.tests.test_smoke_iter37.TestSalaryPages" name="test_invalid_job_returns_404" time="0.117" /><testcase classname="backend.tests.test_smoke_iter37.TestSalaryPages" name="test_invalid_city_under_job_returns_404" time="0.171" /><testcase classname="backend.tests.test_smoke_iter37.TestSalaryPages" name="test_invoice_template_hub_regression" time="0.121" /><testcase classname="backend.tests.test_smoke_iter37.TestSalaryPages" name="test_invoice_template_photographer_regression" time="0.119" /><testcase classname="backend.tests.test_smoke_iter37.TestSalaryPages" name="test_sitemap_contains_pseo_urls" time="0.241" /></testsuite></testsuites>