<?xml version="1.0" encoding="utf-8"?><testsuites name="pytest tests"><testsuite name="pytest" errors="0" failures="0" skipped="0" tests="8" time="1.477" timestamp="2026-06-02T12:15:35.479672+00:00" hostname="agent-env-26946d75-b144-4788-8ed6-b7fc8b535d7c"><testcase classname="backend.tests.test_esign_invoice_iter39" name="test_health_ok" time="0.229" /><testcase classname="backend.tests.test_esign_invoice_iter39" name="test_unauth_invoice_returns_401" time="0.108" /><testcase classname="backend.tests.test_esign_invoice_iter39" name="test_unauth_esign_returns_401" time="0.126" /><testcase classname="backend.tests.test_esign_invoice_iter39" name="test_login_sets_cookie" time="0.431" /><testcase classname="backend.tests.test_esign_invoice_iter39" name="test_esign_list_authenticated" time="0.062" /><testcase classname="backend.tests.test_esign_invoice_iter39" name="test_invoice_share_token" time="0.116" /><testcase classname="backend.tests.test_esign_invoice_iter39" name="test_public_portal_qty_format" time="0.106" /><testcase classname="backend.tests.test_esign_invoice_iter39" name="test_public_portal_does_not_emit_literal_Item_for_empty_desc" time="0.225" /></testsuite></testsuites>