<?xml version="1.0" encoding="utf-8"?><testsuites name="pytest tests"><testsuite name="pytest" errors="0" failures="0" skipped="0" tests="19" time="2.965" timestamp="2026-05-27T23:04:58.686331+00:00" hostname="agent-env-26946d75-b144-4788-8ed6-b7fc8b535d7c"><testcase classname="backend.tests.test_contract_templates_iter38.TestBackendSmoke" name="test_health" time="0.195" /><testcase classname="backend.tests.test_contract_templates_iter38.TestBackendSmoke" name="test_billing_plans" time="0.119" /><testcase classname="backend.tests.test_contract_templates_iter38.TestBackendSmoke" name="test_auth_login_admin" time="0.335" /><testcase classname="backend.tests.test_contract_templates_iter38.TestContractTemplateHub" name="test_hub_renders" time="0.141" /><testcase classname="backend.tests.test_contract_templates_iter38.TestContractTemplateHub" name="test_hub_title_no_duplicate_realprofits" time="0.134" /><testcase classname="backend.tests.test_contract_templates_iter38.TestNdaSubHub" name="test_nda_subhub_renders" time="0.117" /><testcase classname="backend.tests.test_contract_templates_iter38.TestNdaSubHub" name="test_nda_subhub_title_no_dupe" time="0.113" /><testcase classname="backend.tests.test_contract_templates_iter38.TestLeafPages" name="test_nda_photographers" time="0.195" /><testcase classname="backend.tests.test_contract_templates_iter38.TestLeafPages" name="test_nda_photographers_title_no_dupe" time="0.120" /><testcase classname="backend.tests.test_contract_templates_iter38.TestLeafPages" name="test_service_agreement_web_developers" time="0.154" /><testcase classname="backend.tests.test_contract_templates_iter38.TestLeafPages" name="test_independent_contractor_contractors" time="0.109" /><testcase classname="backend.tests.test_contract_templates_iter38.TestLeafPages" name="test_coaching_personal_trainers" time="0.108" /><testcase classname="backend.tests.test_contract_templates_iter38.TestLeafPages" name="test_invalid_type_404" time="0.154" /><testcase classname="backend.tests.test_contract_templates_iter38.TestLeafPages" name="test_invalid_industry_under_type_404" time="0.126" /><testcase classname="backend.tests.test_contract_templates_iter38.TestContentDifferentiation" name="test_nda_photographers_vs_web_developers_differ" time="0.231" /><testcase classname="backend.tests.test_contract_templates_iter38.TestEsignContractBanner" name="test_page_loads_with_contract_query" time="0.126" /><testcase classname="backend.tests.test_contract_templates_iter38.TestEsignContractBanner" name="test_banner_absent_without_query" time="0.121" /><testcase classname="backend.tests.test_contract_templates_iter38.TestSitemaps" name="test_index_includes_contract_templates" time="0.114" /><testcase classname="backend.tests.test_contract_templates_iter38.TestSitemaps" name="test_contract_templates_sub_sitemap_count" time="0.155" /></testsuite></testsuites>