<?xml version="1.0" encoding="utf-8"?><testsuites name="pytest tests"><testsuite name="pytest" errors="0" failures="0" skipped="0" tests="3" time="2.940" timestamp="2026-06-02T15:03:26.930862+00:00" hostname="agent-env-26946d75-b144-4788-8ed6-b7fc8b535d7c"><testcase classname="tests.test_esign_iter40.TestWitnessPreview" name="test_initial_other_filled_fields_empty" time="1.642" /><testcase classname="tests.test_esign_iter40.TestWitnessPreview" name="test_signer2_and_witness_see_signer1_signature" time="0.831" /><testcase classname="tests.test_esign_iter40.TestWitnessPreview" name="test_signer1_view_excludes_own_filled_field" time="0.401" /></testsuite></testsuites>