<?xml version="1.0" encoding="utf-8"?><testsuites name="pytest tests"><testsuite name="pytest" errors="0" failures="0" skipped="0" tests="5" time="2.250" timestamp="2026-06-11T13:32:56.590581+00:00" hostname="agent-env-26946d75-b144-4788-8ed6-b7fc8b535d7c"><testcase classname="tests.test_iter41" name="test_session_ttl_and_refresh" time="0.323" /><testcase classname="tests.test_iter41" name="test_invoice_settings_bank_details_roundtrip" time="0.338" /><testcase classname="tests.test_iter41" name="test_guest_esign_happy_path" time="0.810" /><testcase classname="tests.test_iter41" name="test_guest_esign_rejects_same_sender_signer" time="0.027" /><testcase classname="tests.test_iter41" name="test_guest_doc_auto_attach_on_register" time="0.581" /></testsuite></testsuites>