<?xml version="1.0" encoding="utf-8"?><testsuites name="pytest tests"><testsuite name="pytest" errors="0" failures="0" skipped="0" tests="49" time="11.882" timestamp="2026-06-11T13:34:13.364703+00:00" hostname="agent-env-26946d75-b144-4788-8ed6-b7fc8b535d7c"><testcase classname="tests.test_esign_iter40.TestWitnessPreview" name="test_initial_other_filled_fields_empty" time="1.348" /><testcase classname="tests.test_esign_iter40.TestWitnessPreview" name="test_signer2_and_witness_see_signer1_signature" time="0.652" /><testcase classname="tests.test_esign_iter40.TestWitnessPreview" name="test_signer1_view_excludes_own_filled_field" time="0.355" /><testcase classname="tests.test_esign_invoice_iter39" name="test_health_ok" time="0.142" /><testcase classname="tests.test_esign_invoice_iter39" name="test_unauth_invoice_returns_401" time="0.106" /><testcase classname="tests.test_esign_invoice_iter39" name="test_unauth_esign_returns_401" time="0.128" /><testcase classname="tests.test_esign_invoice_iter39" name="test_login_sets_cookie" time="0.378" /><testcase classname="tests.test_esign_invoice_iter39" name="test_esign_list_authenticated" time="0.053" /><testcase classname="tests.test_esign_invoice_iter39" name="test_invoice_share_token" time="0.105" /><testcase classname="tests.test_esign_invoice_iter39" name="test_public_portal_qty_format" time="0.104" /><testcase classname="tests.test_esign_invoice_iter39" name="test_public_portal_does_not_emit_literal_Item_for_empty_desc" time="0.176" /><testcase classname="tests.test_esign_api.TestAuthAndBasics" name="test_unauthenticated_create_blocked" time="0.129" /><testcase classname="tests.test_esign_api.TestAuthAndBasics" name="test_list_documents_auth" time="0.429" /><testcase classname="tests.test_esign_api.TestAuthAndBasics" name="test_non_pdf_rejected" time="0.054" /><testcase classname="tests.test_esign_api.TestAuthAndBasics" name="test_pdf_extension_but_bad_magic_rejected" time="0.051" /><testcase classname="tests.test_esign_api.TestDocumentCRUD" name="test_create_returns_valid_doc" time="0.064" /><testcase classname="tests.test_esign_api.TestDocumentCRUD" name="test_get_detail" time="0.057" /><testcase classname="tests.test_esign_api.TestDocumentCRUD" name="test_download_original" time="0.054" /><testcase classname="tests.test_esign_api.TestDocumentCRUD" name="test_signed_pdf_not_available_yet" time="0.058" /><testcase classname="tests.test_esign_api.TestDocumentCRUD" name="test_other_owner_cannot_access" time="0.106" /><testcase classname="tests.test_esign_api.TestParallelSigningFlow" name="test_send_requires_signers_and_fields" time="0.167" /><testcase classname="tests.test_esign_api.TestParallelSigningFlow" name="test_send_creates_tokens" time="0.295" /><testcase classname="tests.test_esign_api.TestParallelSigningFlow" name="test_invalid_token_returns_401" time="0.155" /><testcase classname="tests.test_esign_api.TestParallelSigningFlow" name="test_full_signing_completes" time="0.847" /><testcase classname="tests.test_esign_api.TestVerifyEndpoint" name="test_verify_unknown_doc_404" time="0.107" /><testcase classname="tests.test_esign_api.TestVerifyEndpoint" name="test_verify_returns_masked_emails" time="0.173" /><testcase classname="tests.test_esign_api.TestVoidDeclineDelete" name="test_void_document" time="0.219" /><testcase classname="tests.test_esign_api.TestVoidDeclineDelete" name="test_delete_document" time="0.708" /><testcase classname="tests.test_invoice_api.TestInvoiceAPI" name="test_list_invoices" time="0.387" /><testcase classname="tests.test_invoice_api.TestInvoiceAPI" name="test_create_invoice" time="0.047" /><testcase classname="tests.test_invoice_api.TestInvoiceAPI" name="test_get_invoice" time="0.104" /><testcase classname="tests.test_invoice_api.TestInvoiceAPI" name="test_update_invoice" time="0.173" /><testcase classname="tests.test_invoice_api.TestInvoiceAPI" name="test_delete_invoice" time="0.141" /><testcase classname="tests.test_invoice_api.TestInvoiceAPI" name="test_record_payment" time="0.152" /><testcase classname="tests.test_invoice_api.TestInvoiceAPI" name="test_get_stats" time="0.055" /><testcase classname="tests.test_invoice_api.TestClientAPI" name="test_list_clients" time="0.055" /><testcase classname="tests.test_invoice_api.TestClientAPI" name="test_create_client" time="0.050" /><testcase classname="tests.test_invoice_api.TestClientAPI" name="test_update_client" time="0.157" /><testcase classname="tests.test_invoice_api.TestClientAPI" name="test_delete_client" time="0.153" /><testcase classname="tests.test_invoice_api.TestAuthRequired" name="test_invoices_without_auth" time="0.112" /><testcase classname="tests.test_invoice_api.TestAuthRequired" name="test_clients_without_auth" time="0.121" /><testcase classname="tests.test_invoice_api.TestCleanup" name="test_cleanup_test_invoices" time="0.259" /><testcase classname="tests.test_invoice_api.TestCleanup" name="test_cleanup_test_clients" time="0.142" /><testcase classname="tests.test_iter41" name="test_session_ttl_and_refresh" time="0.311" /><testcase classname="tests.test_iter41" name="test_invoice_settings_bank_details_roundtrip" time="0.338" /><testcase classname="tests.test_iter41" name="test_guest_esign_happy_path" time="0.705" /><testcase classname="tests.test_iter41" name="test_guest_esign_rejects_same_sender_signer" time="0.027" /><testcase classname="tests.test_iter41" name="test_guest_doc_auto_attach_on_register" time="0.530" /><testcase classname="tests.test_iter41_bank_render" name="test_public_invoice_renders_bank_block" time="0.423" /></testsuite></testsuites>