<?xml version="1.0" encoding="utf-8"?><testsuites name="pytest tests"><testsuite name="pytest" errors="0" failures="0" skipped="0" tests="25" time="5.690" timestamp="2026-06-02T15:03:35.154974+00:00" hostname="agent-env-26946d75-b144-4788-8ed6-b7fc8b535d7c"><testcase classname="tests.test_esign_invoice_iter39" name="test_health_ok" time="0.194" /><testcase classname="tests.test_esign_invoice_iter39" name="test_unauth_invoice_returns_401" time="0.109" /><testcase classname="tests.test_esign_invoice_iter39" name="test_unauth_esign_returns_401" time="0.121" /><testcase classname="tests.test_esign_invoice_iter39" name="test_login_sets_cookie" time="0.406" /><testcase classname="tests.test_esign_invoice_iter39" name="test_esign_list_authenticated" time="0.060" /><testcase classname="tests.test_esign_invoice_iter39" name="test_invoice_share_token" time="0.146" /><testcase classname="tests.test_esign_invoice_iter39" name="test_public_portal_qty_format" time="0.118" /><testcase classname="tests.test_esign_invoice_iter39" name="test_public_portal_does_not_emit_literal_Item_for_empty_desc" time="0.161" /><testcase classname="tests.test_esign_api.TestAuthAndBasics" name="test_unauthenticated_create_blocked" time="0.134" /><testcase classname="tests.test_esign_api.TestAuthAndBasics" name="test_list_documents_auth" time="0.445" /><testcase classname="tests.test_esign_api.TestAuthAndBasics" name="test_non_pdf_rejected" time="0.052" /><testcase classname="tests.test_esign_api.TestAuthAndBasics" name="test_pdf_extension_but_bad_magic_rejected" time="0.072" /><testcase classname="tests.test_esign_api.TestDocumentCRUD" name="test_create_returns_valid_doc" time="0.061" /><testcase classname="tests.test_esign_api.TestDocumentCRUD" name="test_get_detail" time="0.062" /><testcase classname="tests.test_esign_api.TestDocumentCRUD" name="test_download_original" time="0.059" /><testcase classname="tests.test_esign_api.TestDocumentCRUD" name="test_signed_pdf_not_available_yet" time="0.057" /><testcase classname="tests.test_esign_api.TestDocumentCRUD" name="test_other_owner_cannot_access" time="0.130" /><testcase classname="tests.test_esign_api.TestParallelSigningFlow" name="test_send_requires_signers_and_fields" time="0.201" /><testcase classname="tests.test_esign_api.TestParallelSigningFlow" name="test_send_creates_tokens" time="0.697" /><testcase classname="tests.test_esign_api.TestParallelSigningFlow" name="test_invalid_token_returns_401" time="0.108" /><testcase classname="tests.test_esign_api.TestParallelSigningFlow" name="test_full_signing_completes" time="0.962" /><testcase classname="tests.test_esign_api.TestVerifyEndpoint" name="test_verify_unknown_doc_404" time="0.113" /><testcase classname="tests.test_esign_api.TestVerifyEndpoint" name="test_verify_returns_masked_emails" time="0.194" /><testcase classname="tests.test_esign_api.TestVoidDeclineDelete" name="test_void_document" time="0.231" /><testcase classname="tests.test_esign_api.TestVoidDeclineDelete" name="test_delete_document" time="0.712" /></testsuite></testsuites>