<?xml version="1.0" encoding="utf-8"?><testsuites name="pytest tests"><testsuite name="pytest" errors="0" failures="1" skipped="0" tests="15" time="3.617" timestamp="2026-05-27T21:17:50.628603+00:00" hostname="agent-env-26946d75-b144-4788-8ed6-b7fc8b535d7c"><testcase classname="tests.test_phase2_billing.TestPlansAndStatus" name="test_plans_returns_three" time="0.340" /><testcase classname="tests.test_phase2_billing.TestPlansAndStatus" name="test_status_requires_auth" time="0.110" /><testcase classname="tests.test_phase2_billing.TestPlansAndStatus" name="test_status_returns_free_tier" time="0.500" /><testcase classname="tests.test_phase2_billing.TestStripeNotConfigured" name="test_checkout_returns_503" time="0.052" /><testcase classname="tests.test_phase2_billing.TestStripeNotConfigured" name="test_portal_returns_503" time="0.051" /><testcase classname="tests.test_phase2_billing.TestWebhookIdempotency" name="test_webhook_dedupe_by_event_id" time="0.116"><failure message="AssertionError: {&quot;detail&quot;:{&quot;code&quot;:&quot;STRIPE_KEYS_NEEDED&quot;,&quot;message&quot;:&quot;Stripe subscription billing is configured but requires real Stripe API keys (test or live). Add STRIPE_API_KEY=sk_test_... and STRIPE_WEBHOOK_SECRET=w&#10;assert 503 == 200&#10; +  where 503 = &lt;Response [503]&gt;.status_code">tests/test_phase2_billing.py:125: in test_webhook_dedupe_by_event_id
    assert r1.status_code == 200, r1.text[:200]
E   AssertionError: {"detail":{"code":"STRIPE_KEYS_NEEDED","message":"Stripe subscription billing is configured but requires real Stripe API keys (test or live). Add STRIPE_API_KEY=sk_test_... and STRIPE_WEBHOOK_SECRET=w
E   assert 503 == 200
E    +  where 503 = &lt;Response [503]&gt;.status_code</failure></testcase><testcase classname="tests.test_phase2_billing.TestTierGating" name="test_sixth_doc_returns_limit_reached" time="0.782" /><testcase classname="tests.test_phase2_billing.TestTierGating" name="test_too_many_signers_returns_403" time="0.217" /><testcase classname="tests.test_phase2_billing.TestTierGating" name="test_free_user_cannot_disable_branding" time="0.252" /><testcase classname="tests.test_phase2_billing.TestSavedSignature" name="test_get_requires_auth" time="0.114" /><testcase classname="tests.test_phase2_billing.TestSavedSignature" name="test_get_returns_null_when_empty" time="0.101" /><testcase classname="tests.test_phase2_billing.TestSavedSignature" name="test_put_save_and_get" time="0.100" /><testcase classname="tests.test_phase2_billing.TestSavedSignature" name="test_put_invalid_data_url" time="0.047" /><testcase classname="tests.test_phase2_billing.TestSavedSignature" name="test_put_too_large" time="0.142" /><testcase classname="tests.test_phase2_billing.TestSavedSignature" name="test_delete_wipes" time="0.583" /></testsuite></testsuites>