<?xml version="1.0" encoding="utf-8"?><testsuites name="pytest tests"><testsuite name="pytest" errors="0" failures="0" skipped="0" tests="25" time="3.392" timestamp="2026-04-07T15:00:14.077097+00:00" hostname="agent-env-26946d75-b144-4788-8ed6-b7fc8b535d7c"><testcase classname="backend.tests.test_seo_tax_tools.TestBackendSitemap" name="test_sitemap_xml_returns_200" time="0.208" /><testcase classname="backend.tests.test_seo_tax_tools.TestBackendSitemap" name="test_sitemap_includes_tax_tools_hub" time="0.124" /><testcase classname="backend.tests.test_seo_tax_tools.TestBackendSitemap" name="test_sitemap_includes_all_tax_tool_detail_urls" time="0.148" /><testcase classname="backend.tests.test_seo_tax_tools.TestBackendSitemap" name="test_sitemap_stats_returns_correct_count" time="0.156" /><testcase classname="backend.tests.test_seo_tax_tools.TestFrontendSitemap" name="test_frontend_sitemap_returns_200" time="0.131" /><testcase classname="backend.tests.test_seo_tax_tools.TestFrontendSitemap" name="test_frontend_sitemap_includes_tax_tools_hub" time="0.159" /><testcase classname="backend.tests.test_seo_tax_tools.TestFrontendSitemap" name="test_frontend_sitemap_includes_tax_tool_detail_urls" time="0.140" /><testcase classname="backend.tests.test_seo_tax_tools.TestRobotsTxt" name="test_robots_txt_returns_200" time="0.100" /><testcase classname="backend.tests.test_seo_tax_tools.TestRobotsTxt" name="test_robots_allows_root_path" time="0.106" /><testcase classname="backend.tests.test_seo_tax_tools.TestRobotsTxt" name="test_robots_disallows_api" time="0.113" /><testcase classname="backend.tests.test_seo_tax_tools.TestRobotsTxt" name="test_robots_source_has_auth_disallows" time="0.000" /><testcase classname="backend.tests.test_seo_tax_tools.TestRobotsTxt" name="test_robots_blocks_ai_crawlers" time="0.106" /><testcase classname="backend.tests.test_seo_tax_tools.TestRobotsTxt" name="test_robots_has_sitemap_directive" time="0.134" /><testcase classname="backend.tests.test_seo_tax_tools.TestTaxToolsHubSEO" name="test_hub_page_loads" time="0.189" /><testcase classname="backend.tests.test_seo_tax_tools.TestTaxToolsHubSEO" name="test_hub_has_canonical_url" time="0.134" /><testcase classname="backend.tests.test_seo_tax_tools.TestTaxToolsHubSEO" name="test_hub_has_breadcrumb_schema" time="0.126" /><testcase classname="backend.tests.test_seo_tax_tools.TestTaxToolsHubSEO" name="test_hub_has_itemlist_schema" time="0.121" /><testcase classname="backend.tests.test_seo_tax_tools.TestTaxToolsHubSEO" name="test_hub_has_faq_schema" time="0.126" /><testcase classname="backend.tests.test_seo_tax_tools.TestTaxToolDetailSEO" name="test_freelancer_tax_planner_has_canonical" time="0.156" /><testcase classname="backend.tests.test_seo_tax_tools.TestTaxToolDetailSEO" name="test_freelancer_tax_planner_has_webapplication_schema" time="0.119" /><testcase classname="backend.tests.test_seo_tax_tools.TestTaxToolDetailSEO" name="test_freelancer_tax_planner_has_breadcrumb_schema" time="0.128" /><testcase classname="backend.tests.test_seo_tax_tools.TestTaxToolDetailSEO" name="test_freelancer_tax_planner_has_faq_schema" time="0.159" /><testcase classname="backend.tests.test_seo_tax_tools.TestTaxToolDetailSEO" name="test_1040es_prep_has_tax_preparation_subcategory" time="0.144" /><testcase classname="backend.tests.test_seo_tax_tools.TestTaxToolDetailSEO" name="test_income_mix_planner_has_opengraph" time="0.146" /><testcase classname="backend.tests.test_seo_tax_tools.TestCalculatorRegression" name="test_simple_tax_estimator_has_schemas" time="0.113" /></testsuite></testsuites>