<?xml version="1.0" encoding="utf-8"?><testsuites name="pytest tests"><testsuite name="pytest" errors="0" failures="0" skipped="0" tests="13" time="1.828" timestamp="2026-04-06T22:32:18.111670+00:00" hostname="agent-env-26946d75-b144-4788-8ed6-b7fc8b535d7c"><testcase classname="backend.tests.test_pseo_sitemap.TestSitemapStats" name="test_sitemap_stats_returns_200" time="0.247" /><testcase classname="backend.tests.test_pseo_sitemap.TestSitemapStats" name="test_sitemap_stats_has_required_fields" time="0.117" /><testcase classname="backend.tests.test_pseo_sitemap.TestSitemapStats" name="test_sitemap_stats_counts_are_positive" time="0.116" /><testcase classname="backend.tests.test_pseo_sitemap.TestSitemapStats" name="test_total_guide_pages_exceeds_threshold" time="0.125" /><testcase classname="backend.tests.test_pseo_sitemap.TestSitemapStats" name="test_total_sitemap_urls_exceeds_400" time="0.100" /><testcase classname="backend.tests.test_pseo_sitemap.TestDynamicSitemap" name="test_sitemap_returns_200" time="0.125" /><testcase classname="backend.tests.test_pseo_sitemap.TestDynamicSitemap" name="test_sitemap_content_type_is_xml" time="0.140" /><testcase classname="backend.tests.test_pseo_sitemap.TestDynamicSitemap" name="test_sitemap_is_valid_xml" time="0.194" /><testcase classname="backend.tests.test_pseo_sitemap.TestDynamicSitemap" name="test_sitemap_has_url_elements" time="0.130" /><testcase classname="backend.tests.test_pseo_sitemap.TestDynamicSitemap" name="test_sitemap_contains_guide_urls" time="0.110" /><testcase classname="backend.tests.test_pseo_sitemap.TestDynamicSitemap" name="test_sitemap_url_structure" time="0.117" /><testcase classname="backend.tests.test_pseo_sitemap.TestHealthEndpoint" name="test_health_returns_200" time="0.113" /><testcase classname="backend.tests.test_pseo_sitemap.TestHealthEndpoint" name="test_health_returns_healthy_status" time="0.122" /></testsuite></testsuites>