<?xml version="1.0" encoding="utf-8"?><testsuites name="pytest tests"><testsuite name="pytest" errors="0" failures="0" skipped="0" tests="7" time="27.093" timestamp="2026-04-08T15:42:20.161956+00:00" hostname="agent-env-26946d75-b144-4788-8ed6-b7fc8b535d7c"><testcase classname="tests.test_ats_check.TestATSCheckEndpoint" name="test_ats_check_basic" time="9.710" /><testcase classname="tests.test_ats_check.TestATSCheckEndpoint" name="test_ats_check_with_job_description" time="7.630" /><testcase classname="tests.test_ats_check.TestATSCheckEndpoint" name="test_ats_check_caching" time="0.322" /><testcase classname="tests.test_ats_check.TestATSCheckEndpoint" name="test_ats_check_minimal_resume" time="8.832" /><testcase classname="tests.test_ats_check.TestATSCheckEndpoint" name="test_ats_check_category_scores_sum" time="0.212" /><testcase classname="tests.test_ats_check.TestATSCheckValidation" name="test_ats_check_missing_personal_details" time="0.118" /><testcase classname="tests.test_ats_check.TestATSCheckValidation" name="test_ats_check_empty_request" time="0.165" /></testsuite></testsuites>