<?xml version="1.0" encoding="utf-8"?><testsuites name="pytest tests"><testsuite name="pytest" errors="0" failures="0" skipped="0" tests="17" time="8.823" timestamp="2026-04-07T07:15:31.924729+00:00" hostname="agent-env-26946d75-b144-4788-8ed6-b7fc8b535d7c"><testcase classname="backend.tests.test_iteration_12.TestBackendHealth" name="test_health_endpoint" time="0.136" /><testcase classname="backend.tests.test_iteration_12.TestPseoSalaryGuide" name="test_salary_guide_50000_renders" time="0.239" /><testcase classname="backend.tests.test_iteration_12.TestPseoTaxGuide" name="test_tax_guide_100000_renders" time="0.187" /><testcase classname="backend.tests.test_iteration_12.TestPseoLocationSalary" name="test_location_salary_sf_renders" time="0.216" /><testcase classname="backend.tests.test_iteration_12.TestPseoSavingsGuide" name="test_savings_guide_10000_renders" time="0.170" /><testcase classname="backend.tests.test_iteration_12.TestPseoMortgageGuide" name="test_mortgage_guide_150000_renders" time="0.204" /><testcase classname="backend.tests.test_iteration_12.TestPseoDebtGuide" name="test_debt_guide_5000_renders" time="0.188" /><testcase classname="backend.tests.test_iteration_12.TestPseoFreelancerGuide" name="test_freelancer_guide_50000_renders" time="0.212" /><testcase classname="backend.tests.test_iteration_12.TestStaticPages" name="test_homepage_loads" time="0.168" /><testcase classname="backend.tests.test_iteration_12.TestStaticPages" name="test_guides_hub_loads" time="0.198" /><testcase classname="backend.tests.test_iteration_12.TestStaticPages" name="test_calculators_loads" time="0.166" /><testcase classname="backend.tests.test_iteration_12.TestStaticPages" name="test_tools_loads" time="0.160" /><testcase classname="backend.tests.test_iteration_12.TestStaticPages" name="test_career_tools_loads" time="0.157" /><testcase classname="backend.tests.test_iteration_12.TestStaticPages" name="test_what_if_loads" time="0.143" /><testcase classname="backend.tests.test_iteration_12.TestStaticPages" name="test_search_loads" time="0.132" /><testcase classname="backend.tests.test_iteration_12.TestStaticPages" name="test_about_loads" time="0.134" /><testcase classname="backend.tests.test_iteration_12.TestCalculatorDetailPage" name="test_salary_reality_calculator_loads" time="5.810" /></testsuite></testsuites>