<?xml version="1.0" encoding="utf-8"?><testsuites name="pytest tests"><testsuite name="pytest" errors="0" failures="0" skipped="0" tests="15" time="2.455" timestamp="2026-05-27T14:35:32.449170+00:00" hostname="agent-env-26946d75-b144-4788-8ed6-b7fc8b535d7c"><testcase classname="backend.tests.test_invoice_api.TestInvoiceAPI" name="test_list_invoices" time="0.446" /><testcase classname="backend.tests.test_invoice_api.TestInvoiceAPI" name="test_create_invoice" time="0.054" /><testcase classname="backend.tests.test_invoice_api.TestInvoiceAPI" name="test_get_invoice" time="0.111" /><testcase classname="backend.tests.test_invoice_api.TestInvoiceAPI" name="test_update_invoice" time="0.157" /><testcase classname="backend.tests.test_invoice_api.TestInvoiceAPI" name="test_delete_invoice" time="0.165" /><testcase classname="backend.tests.test_invoice_api.TestInvoiceAPI" name="test_record_payment" time="0.165" /><testcase classname="backend.tests.test_invoice_api.TestInvoiceAPI" name="test_get_stats" time="0.060" /><testcase classname="backend.tests.test_invoice_api.TestClientAPI" name="test_list_clients" time="0.061" /><testcase classname="backend.tests.test_invoice_api.TestClientAPI" name="test_create_client" time="0.056" /><testcase classname="backend.tests.test_invoice_api.TestClientAPI" name="test_update_client" time="0.154" /><testcase classname="backend.tests.test_invoice_api.TestClientAPI" name="test_delete_client" time="0.160" /><testcase classname="backend.tests.test_invoice_api.TestAuthRequired" name="test_invoices_without_auth" time="0.115" /><testcase classname="backend.tests.test_invoice_api.TestAuthRequired" name="test_clients_without_auth" time="0.117" /><testcase classname="backend.tests.test_invoice_api.TestCleanup" name="test_cleanup_test_invoices" time="0.265" /><testcase classname="backend.tests.test_invoice_api.TestCleanup" name="test_cleanup_test_clients" time="0.154" /></testsuite></testsuites>