<?xml version="1.0" encoding="utf-8"?><testsuites name="pytest tests"><testsuite name="pytest" errors="0" failures="0" skipped="0" tests="8" time="23.723" timestamp="2026-04-07T14:49:24.065189+00:00" hostname="agent-env-26946d75-b144-4788-8ed6-b7fc8b535d7c"><testcase classname="tests.test_tax_tools.TestTaxToolsAPI" name="test_health_check" time="0.210" /><testcase classname="tests.test_tax_tools.TestTaxToolsAPI" name="test_tax_explain_endpoint_success" time="9.576" /><testcase classname="tests.test_tax_tools.TestTaxToolsAPI" name="test_tax_explain_endpoint_with_detailed_prompt" time="6.692" /><testcase classname="tests.test_tax_tools.TestTaxToolsAPI" name="test_tax_explain_endpoint_empty_prompt" time="6.685" /><testcase classname="tests.test_tax_tools.TestTaxToolsAPI" name="test_tax_explain_endpoint_missing_prompt" time="0.125" /><testcase classname="tests.test_tax_tools.TestTaxToolsAPI" name="test_sitemap_includes_tax_tools" time="0.151" /><testcase classname="tests.test_tax_tools.TestTaxToolsAPI" name="test_sitemap_stats_endpoint" time="0.101" /><testcase classname="tests.test_tax_tools.TestCareerToolsAPI" name="test_email_templates_list" time="0.107" /></testsuite></testsuites>