<?xml version="1.0" encoding="utf-8"?><testsuites name="pytest tests"><testsuite name="pytest" errors="0" failures="0" skipped="0" tests="9" time="23.514" timestamp="2026-04-08T14:13:50.413984+00:00" hostname="agent-env-26946d75-b144-4788-8ed6-b7fc8b535d7c"><testcase classname="backend.tests.test_resume_builder_v2.TestGenerateSummariesAPI" name="test_generate_summaries_returns_3_options" time="4.471" /><testcase classname="backend.tests.test_resume_builder_v2.TestGenerateSummariesAPI" name="test_generate_summaries_with_minimal_input" time="4.761" /><testcase classname="backend.tests.test_resume_builder_v2.TestGenerateSummariesAPI" name="test_generate_summaries_with_years_experience" time="4.061" /><testcase classname="backend.tests.test_resume_builder_v2.TestExistingCareerToolsAPIs" name="test_improve_bullet_endpoint" time="1.565" /><testcase classname="backend.tests.test_resume_builder_v2.TestExistingCareerToolsAPIs" name="test_improve_summary_endpoint" time="2.132" /><testcase classname="backend.tests.test_resume_builder_v2.TestSuggestSkillsAPI" name="test_suggest_skills_returns_suggestions" time="1.725" /><testcase classname="backend.tests.test_resume_builder_v2.TestSuggestSkillsAPI" name="test_suggest_skills_without_current_skills" time="1.453" /><testcase classname="backend.tests.test_resume_builder_v2.TestSuggestSkillsAPI" name="test_suggest_skills_different_job_titles" time="3.173" /><testcase classname="backend.tests.test_resume_builder_v2.TestHealthEndpoint" name="test_health_check" time="0.102" /></testsuite></testsuites>