<?xml version="1.0" encoding="utf-8"?><testsuites name="pytest tests"><testsuite name="pytest" errors="0" failures="0" skipped="0" tests="11" time="23.274" timestamp="2026-04-07T18:47:29.692397+00:00" hostname="agent-env-26946d75-b144-4788-8ed6-b7fc8b535d7c"><testcase classname="backend.tests.test_resume_builder.TestHealthCheck" name="test_health_endpoint" time="0.209" /><testcase classname="backend.tests.test_resume_builder.TestImproveBulletEndpoint" name="test_improve_bullet_basic" time="10.162" /><testcase classname="backend.tests.test_resume_builder.TestImproveBulletEndpoint" name="test_improve_bullet_without_job_title" time="2.510" /><testcase classname="backend.tests.test_resume_builder.TestImproveBulletEndpoint" name="test_improve_bullet_with_context" time="1.788" /><testcase classname="backend.tests.test_resume_builder.TestImproveBulletEndpoint" name="test_improve_bullet_empty_returns_error" time="1.906" /><testcase classname="backend.tests.test_resume_builder.TestImproveBulletEndpoint" name="test_improve_bullet_missing_field" time="0.157" /><testcase classname="backend.tests.test_resume_builder.TestImproveSummaryEndpoint" name="test_improve_summary_basic" time="2.466" /><testcase classname="backend.tests.test_resume_builder.TestImproveSummaryEndpoint" name="test_improve_summary_without_skills" time="1.424" /><testcase classname="backend.tests.test_resume_builder.TestImproveSummaryEndpoint" name="test_improve_summary_with_years_experience" time="2.142" /><testcase classname="backend.tests.test_resume_builder.TestImproveSummaryEndpoint" name="test_improve_summary_missing_field" time="0.139" /><testcase classname="backend.tests.test_resume_builder.TestEmailTemplatesEndpoint" name="test_list_email_templates" time="0.133" /></testsuite></testsuites>