<?xml version="1.0" encoding="utf-8"?><testsuites name="pytest tests"><testsuite name="pytest" errors="0" failures="0" skipped="0" tests="13" time="1.642" timestamp="2026-04-06T22:50:57.333411+00:00" hostname="agent-env-26946d75-b144-4788-8ed6-b7fc8b535d7c"><testcase classname="backend.tests.test_iteration_11.TestSitemapStats" name="test_sitemap_stats_total_guides" time="0.127" /><testcase classname="backend.tests.test_iteration_11.TestSitemapStats" name="test_sitemap_stats_location_salary_count" time="0.143" /><testcase classname="backend.tests.test_iteration_11.TestSitemapStats" name="test_sitemap_stats_all_clusters" time="0.124" /><testcase classname="backend.tests.test_iteration_11.TestSitemapXML" name="test_sitemap_contains_location_salary_urls" time="0.174" /><testcase classname="backend.tests.test_iteration_11.TestSitemapXML" name="test_sitemap_url_count" time="0.114" /><testcase classname="backend.tests.test_iteration_11.TestLocationSalaryPages" name="test_san_francisco_80k_page" time="0.112" /><testcase classname="backend.tests.test_iteration_11.TestLocationSalaryPages" name="test_austin_100k_page" time="0.113" /><testcase classname="backend.tests.test_iteration_11.TestLocationSalaryPages" name="test_new_york_50k_page" time="0.113" /><testcase classname="backend.tests.test_iteration_11.TestOldGuidesStillWork" name="test_old_salary_guide" time="0.106" /><testcase classname="backend.tests.test_iteration_11.TestOldGuidesStillWork" name="test_mortgage_guide" time="0.118" /><testcase classname="backend.tests.test_iteration_11.TestOldGuidesStillWork" name="test_debt_guide" time="0.109" /><testcase classname="backend.tests.test_iteration_11.TestOldGuidesStillWork" name="test_freelancer_guide" time="0.111" /><testcase classname="backend.tests.test_iteration_11.TestHealthEndpoint" name="test_api_health" time="0.110" /></testsuite></testsuites>