<?xml version="1.0" encoding="utf-8"?><testsuites name="pytest tests"><testsuite name="pytest" errors="0" failures="0" skipped="0" tests="6" time="16.367" timestamp="2026-04-08T13:19:10.170128+00:00" hostname="agent-env-26946d75-b144-4788-8ed6-b7fc8b535d7c"><testcase classname="tests.test_resume_builder_v2.TestGenerateSummariesAPI" name="test_generate_summaries_returns_3_options" time="5.189" /><testcase classname="tests.test_resume_builder_v2.TestGenerateSummariesAPI" name="test_generate_summaries_with_minimal_input" time="3.984" /><testcase classname="tests.test_resume_builder_v2.TestGenerateSummariesAPI" name="test_generate_summaries_with_years_experience" time="3.705" /><testcase classname="tests.test_resume_builder_v2.TestExistingCareerToolsAPIs" name="test_improve_bullet_endpoint" time="1.615" /><testcase classname="tests.test_resume_builder_v2.TestExistingCareerToolsAPIs" name="test_improve_summary_endpoint" time="1.577" /><testcase classname="tests.test_resume_builder_v2.TestHealthEndpoint" name="test_health_check" time="0.129" /></testsuite></testsuites>