<?xml version="1.0" encoding="utf-8"?><testsuites name="pytest tests"><testsuite name="pytest" errors="0" failures="0" skipped="0" tests="11" time="19.571" timestamp="2026-04-06T19:59:34.021684+00:00" hostname="agent-env-26946d75-b144-4788-8ed6-b7fc8b535d7c"><testcase classname="backend.tests.test_career_tools_p3.TestHealthEndpoint" name="test_health_check" time="0.184" /><testcase classname="backend.tests.test_career_tools_p3.TestEmailTemplatesEndpoints" name="test_list_email_templates" time="0.165" /><testcase classname="backend.tests.test_career_tools_p3.TestEmailTemplatesEndpoints" name="test_generate_thank_you_email" time="4.886" /><testcase classname="backend.tests.test_career_tools_p3.TestEmailTemplatesEndpoints" name="test_generate_follow_up_email" time="2.671" /><testcase classname="backend.tests.test_career_tools_p3.TestEmailTemplatesEndpoints" name="test_generate_negotiation_email" time="2.515" /><testcase classname="backend.tests.test_career_tools_p3.TestEmailTemplatesEndpoints" name="test_email_template_missing_required_fields" time="0.230" /><testcase classname="backend.tests.test_career_tools_p3.TestResumeImprovementEndpoints" name="test_improve_bullet_point" time="1.948" /><testcase classname="backend.tests.test_career_tools_p3.TestResumeImprovementEndpoints" name="test_improve_bullet_point_minimal" time="1.869" /><testcase classname="backend.tests.test_career_tools_p3.TestResumeImprovementEndpoints" name="test_improve_summary" time="1.625" /><testcase classname="backend.tests.test_career_tools_p3.TestResumeImprovementEndpoints" name="test_improve_summary_minimal" time="1.650" /><testcase classname="backend.tests.test_career_tools_p3.TestResumeImprovementEndpoints" name="test_improve_bullet_empty_text" time="1.631" /></testsuite></testsuites>