<?xml version="1.0" encoding="utf-8"?><testsuites name="pytest tests"><testsuite name="pytest" errors="0" failures="0" skipped="1" tests="20" time="7.019" timestamp="2026-04-07T13:39:55.815392+00:00" hostname="agent-env-26946d75-b144-4788-8ed6-b7fc8b535d7c"><testcase classname="tests.test_auth_user_data.TestHealthCheck" name="test_health_endpoint" time="0.135" /><testcase classname="tests.test_auth_user_data.TestAuthRegister" name="test_register_new_user" time="0.335" /><testcase classname="tests.test_auth_user_data.TestAuthRegister" name="test_register_duplicate_email" time="0.509" /><testcase classname="tests.test_auth_user_data.TestAuthRegister" name="test_register_short_password" time="0.103" /><testcase classname="tests.test_auth_user_data.TestAuthLogin" name="test_login_admin_success" time="0.325" /><testcase classname="tests.test_auth_user_data.TestAuthLogin" name="test_login_invalid_credentials" time="0.340" /><testcase classname="tests.test_auth_user_data.TestAuthLogin" name="test_login_nonexistent_user" time="0.112" /><testcase classname="tests.test_auth_user_data.TestAuthMe" name="test_me_authenticated" time="0.380" /><testcase classname="tests.test_auth_user_data.TestAuthMe" name="test_me_unauthenticated" time="0.100" /><testcase classname="tests.test_auth_user_data.TestAuthLogout" name="test_logout_clears_session" time="0.448" /><testcase classname="tests.test_auth_user_data.TestAuthRefresh" name="test_refresh_with_valid_token" time="0.395" /><testcase classname="tests.test_auth_user_data.TestAuthRefresh" name="test_refresh_without_token" time="0.110" /><testcase classname="tests.test_auth_user_data.TestBruteForceProtection" name="test_lockout_after_5_failed_attempts" time="0.000"><skipped type="pytest.skip" message="Load balancer distributes requests across IPs, making per-IP lockout hard to test">/app/backend/tests/test_auth_user_data.py:205: Load balancer distributes requests across IPs, making per-IP lockout hard to test</skipped></testcase><testcase classname="tests.test_auth_user_data.TestBruteForceProtection" name="test_brute_force_records_attempts" time="0.699" /><testcase classname="tests.test_auth_user_data.TestUserDataCRUD" name="test_save_user_data" time="0.378" /><testcase classname="tests.test_auth_user_data.TestUserDataCRUD" name="test_get_user_data" time="0.429" /><testcase classname="tests.test_auth_user_data.TestUserDataCRUD" name="test_list_user_data" time="0.502" /><testcase classname="tests.test_auth_user_data.TestUserDataCRUD" name="test_delete_user_data" time="0.529" /><testcase classname="tests.test_auth_user_data.TestUserDataCRUD" name="test_bulk_save" time="0.563" /><testcase classname="tests.test_auth_user_data.TestUserDataCRUD" name="test_user_data_unauthenticated" time="0.530" /></testsuite></testsuites>