<?xml version="1.0" encoding="utf-8"?><testsuites name="pytest tests"><testsuite name="pytest" errors="0" failures="0" skipped="0" tests="10" time="19.051" timestamp="2026-04-06T21:23:58.393892+00:00" hostname="agent-env-26946d75-b144-4788-8ed6-b7fc8b535d7c"><testcase classname="backend.tests.test_career_tools_api.TestHealthEndpoint" name="test_health_check" time="0.257" /><testcase classname="backend.tests.test_career_tools_api.TestImproveBulletEndpoint" name="test_improve_bullet_basic" time="4.893" /><testcase classname="backend.tests.test_career_tools_api.TestImproveBulletEndpoint" name="test_improve_bullet_without_job_title" time="1.264" /><testcase classname="backend.tests.test_career_tools_api.TestImproveBulletEndpoint" name="test_improve_bullet_empty_text" time="1.283" /><testcase classname="backend.tests.test_career_tools_api.TestImproveSummaryEndpoint" name="test_improve_summary_basic" time="1.733" /><testcase classname="backend.tests.test_career_tools_api.TestImproveSummaryEndpoint" name="test_improve_summary_without_skills" time="1.732" /><testcase classname="backend.tests.test_career_tools_api.TestEmailTemplateEndpoint" name="test_email_template_thank_you" time="2.342" /><testcase classname="backend.tests.test_career_tools_api.TestEmailTemplateEndpoint" name="test_email_template_follow_up" time="2.541" /><testcase classname="backend.tests.test_career_tools_api.TestEmailTemplateEndpoint" name="test_email_template_negotiation" time="2.638" /><testcase classname="backend.tests.test_career_tools_api.TestEmailTemplatesList" name="test_list_email_templates" time="0.150" /></testsuite></testsuites>