<?xml version="1.0" encoding="utf-8"?><testsuites name="pytest tests"><testsuite name="pytest" errors="0" failures="0" skipped="0" tests="32" time="3.681" timestamp="2026-05-27T21:43:38.024037+00:00" hostname="agent-env-26946d75-b144-4788-8ed6-b7fc8b535d7c"><testcase classname="tests.test_esign_api.TestAuthAndBasics" name="test_unauthenticated_create_blocked" time="0.033" /><testcase classname="tests.test_esign_api.TestAuthAndBasics" name="test_list_documents_auth" time="0.277" /><testcase classname="tests.test_esign_api.TestAuthAndBasics" name="test_non_pdf_rejected" time="0.043" /><testcase classname="tests.test_esign_api.TestAuthAndBasics" name="test_pdf_extension_but_bad_magic_rejected" time="0.043" /><testcase classname="tests.test_esign_api.TestDocumentCRUD" name="test_create_returns_valid_doc" time="0.051" /><testcase classname="tests.test_esign_api.TestDocumentCRUD" name="test_get_detail" time="0.045" /><testcase classname="tests.test_esign_api.TestDocumentCRUD" name="test_download_original" time="0.046" /><testcase classname="tests.test_esign_api.TestDocumentCRUD" name="test_signed_pdf_not_available_yet" time="0.047" /><testcase classname="tests.test_esign_api.TestDocumentCRUD" name="test_other_owner_cannot_access" time="0.002" /><testcase classname="tests.test_esign_api.TestParallelSigningFlow" name="test_send_requires_signers_and_fields" time="0.144" /><testcase classname="tests.test_esign_api.TestParallelSigningFlow" name="test_send_creates_tokens" time="0.248" /><testcase classname="tests.test_esign_api.TestParallelSigningFlow" name="test_invalid_token_returns_401" time="0.002" /><testcase classname="tests.test_esign_api.TestParallelSigningFlow" name="test_full_signing_completes" time="0.305" /><testcase classname="tests.test_esign_api.TestVerifyEndpoint" name="test_verify_unknown_doc_404" time="0.003" /><testcase classname="tests.test_esign_api.TestVerifyEndpoint" name="test_verify_returns_masked_emails" time="0.054" /><testcase classname="tests.test_esign_api.TestVoidDeclineDelete" name="test_void_document" time="0.194" /><testcase classname="tests.test_esign_api.TestVoidDeclineDelete" name="test_delete_document" time="0.535" /><testcase classname="tests.test_invoice_api.TestInvoiceAPI" name="test_list_invoices" time="0.269" /><testcase classname="tests.test_invoice_api.TestInvoiceAPI" name="test_create_invoice" time="0.044" /><testcase classname="tests.test_invoice_api.TestInvoiceAPI" name="test_get_invoice" time="0.086" /><testcase classname="tests.test_invoice_api.TestInvoiceAPI" name="test_update_invoice" time="0.131" /><testcase classname="tests.test_invoice_api.TestInvoiceAPI" name="test_delete_invoice" time="0.130" /><testcase classname="tests.test_invoice_api.TestInvoiceAPI" name="test_record_payment" time="0.131" /><testcase classname="tests.test_invoice_api.TestInvoiceAPI" name="test_get_stats" time="0.044" /><testcase classname="tests.test_invoice_api.TestClientAPI" name="test_list_clients" time="0.044" /><testcase classname="tests.test_invoice_api.TestClientAPI" name="test_create_client" time="0.044" /><testcase classname="tests.test_invoice_api.TestClientAPI" name="test_update_client" time="0.131" /><testcase classname="tests.test_invoice_api.TestClientAPI" name="test_delete_client" time="0.130" /><testcase classname="tests.test_invoice_api.TestAuthRequired" name="test_invoices_without_auth" time="0.002" /><testcase classname="tests.test_invoice_api.TestAuthRequired" name="test_clients_without_auth" time="0.001" /><testcase classname="tests.test_invoice_api.TestCleanup" name="test_cleanup_test_invoices" time="0.215" /><testcase classname="tests.test_invoice_api.TestCleanup" name="test_cleanup_test_clients" time="0.131" /></testsuite></testsuites>